0 info it worked if it ends with ok
1 verbose cli [ 'D:\\Software\\nodejs\\node.exe',
1 verbose cli   'D:\\Software\\nodejs\\node_modules\\npm\\bin\\npm-cli.js',
1 verbose cli   'run',
1 verbose cli   'e2e' ]
2 info using npm@3.10.9
3 info using node@v6.9.2
4 verbose run-script [ 'pree2e', 'e2e', 'poste2e' ]
5 info lifecycle chebianShop@0.0.0~pree2e: chebianShop@0.0.0
6 silly lifecycle chebianShop@0.0.0~pree2e: no script for pree2e, continuing
7 info lifecycle chebianShop@0.0.0~e2e: chebianShop@0.0.0
8 verbose lifecycle chebianShop@0.0.0~e2e: unsafe-perm in lifecycle true
9 verbose lifecycle chebianShop@0.0.0~e2e: PATH: D:\Software\nodejs\node_modules\npm\bin\node-gyp-bin;D:\github\chebian-shop\node_modules\.bin;C:\ProgramData\Oracle\Java\javapath;D:\Software\Ruby22-x64\bin;C:\Windows\system32;C:\Windows;C:\Windows\System32\Wbem;C:\Windows\System32\WindowsPowerShell\v1.0\;D:\Software\Git\cmd;D:\Software\Git\mingw32\bin;D:\Software\Git\usr\bin;C:\Program Files (x86)\Java\jdk1.8.0_111\bin;D:\Software\nodejs\;C:\Users\Administrator\AppData\Roaming\npm
10 verbose lifecycle chebianShop@0.0.0~e2e: CWD: D:\github\chebian-shop
11 silly lifecycle chebianShop@0.0.0~e2e: Args: [ '/d /s /c', 'gulp protractor' ]
12 silly lifecycle chebianShop@0.0.0~e2e: Returned: code: 1  signal: null
13 info lifecycle chebianShop@0.0.0~e2e: Failed to exec e2e script
14 verbose stack Error: chebianShop@0.0.0 e2e: `gulp protractor`
14 verbose stack Exit status 1
14 verbose stack     at EventEmitter.<anonymous> (D:\Software\nodejs\node_modules\npm\lib\utils\lifecycle.js:255:16)
14 verbose stack     at emitTwo (events.js:106:13)
14 verbose stack     at EventEmitter.emit (events.js:191:7)
14 verbose stack     at ChildProcess.<anonymous> (D:\Software\nodejs\node_modules\npm\lib\utils\spawn.js:40:14)
14 verbose stack     at emitTwo (events.js:106:13)
14 verbose stack     at ChildProcess.emit (events.js:191:7)
14 verbose stack     at maybeClose (internal/child_process.js:877:16)
14 verbose stack     at Process.ChildProcess._handle.onexit (internal/child_process.js:226:5)
15 verbose pkgid chebianShop@0.0.0
16 verbose cwd D:\github\chebian-shop
17 error Windows_NT 6.1.7601
18 error argv "D:\\Software\\nodejs\\node.exe" "D:\\Software\\nodejs\\node_modules\\npm\\bin\\npm-cli.js" "run" "e2e"
19 error node v6.9.2
20 error npm  v3.10.9
21 error code ELIFECYCLE
22 error chebianShop@0.0.0 e2e: `gulp protractor`
22 error Exit status 1
23 error Failed at the chebianShop@0.0.0 e2e script 'gulp protractor'.
23 error Make sure you have the latest version of node.js and npm installed.
23 error If you do, this is most likely a problem with the chebianShop package,
23 error not with npm itself.
23 error Tell the author that this fails on your system:
23 error     gulp protractor
23 error You can get information on how to open an issue for this project with:
23 error     npm bugs chebianShop
23 error Or if that isn't available, you can get their info via:
23 error     npm owner ls chebianShop
23 error There is likely additional logging output above.
24 verbose exit [ 1, true ]
